2015/04/14 15:10:43 [error] [exception.CDbException] could not find driver
2015/04/14 15:10:43 [error] [exception.CDbException] exception 'CDbException' with message 'CDbConnection failed to open the DB connection.' in C:\www\framework\db\CDbConnection.php:405
Stack trace:
#0 C:\www\framework\db\CDbConnection.php(347): CDbConnection->open()
#1 C:\www\framework\db\CDbConnection.php(325): CDbConnection->setActive(true)
#2 C:\www\framework\base\CModule.php(394): CDbConnection->init()
#3 C:\www\framework\base\CApplication.php(458): CModule->getComponent('db')
#4 C:\www\framework\db\ar\CActiveRecord.php(637): CApplication->getDb()
#5 C:\www\framework\db\ar\CActiveRecord.php(670): CActiveRecord->getDbConnection()
#6 C:\www\framework\db\ar\CActiveRecord.php(1601): CActiveRecord->getCommandBuilder()
#7 C:\www\framework\web\CActiveDataProvider.php(228): CActiveRecord->count(Object(CDbCriteria))
#8 C:\www\framework\web\CDataProvider.php(224): CActiveDataProvider->calculateTotalItemCount()
#9 C:\www\framework\web\CActiveDataProvider.php(178): CDataProvider->getTotalItemCount()
#10 C:\www\framework\web\CDataProvider.php(168): CActiveDataProvider->fetchData()
#11 C:\www\framework\zii\widgets\CBaseListView.php(125): CDataProvider->getData()
#12 C:\www\framework\zii\widgets\CListView.php(211): CBaseListView->init()
#13 C:\www\framework\web\CBaseController.php(147): CListView->init()
#14 C:\www\framework\web\CBaseController.php(180): CBaseController->createWidget('zii.widgets.CLi...', Array)
#15 C:\www\twoilx\protected\views\post\index.php(9): CBaseController->widget('zii.widgets.CLi...', Array)
#16 C:\www\framework\web\CBaseController.php(126): require('C:\\www\\twoilx\\p...')
#17 C:\www\framework\web\CBaseController.php(95): CBaseController->renderInternal('C:\\www\\twoilx\\p...', Array, true)
#18 C:\www\framework\web\CController.php(869): CBaseController->renderFile('C:\\www\\twoilx\\p...', Array, true)
#19 C:\www\framework\web\CController.php(782): CController->renderPartial('index', Array, true)
#20 C:\www\twoilx\protected\controllers\PostController.php(136): CController->render('index', Array)
#21 C:\www\framework\web\actions\CInlineAction.php(49): PostController->actionIndex()
#22 C:\www\framework\web\CController.php(308): CInlineAction->runWithParams(Array)
#23 C:\www\framework\web\filters\CFilterChain.php(133): CController->runAction(Object(CInlineAction))
#24 C:\www\framework\web\filters\CFilter.php(40): CFilterChain->run()
#25 C:\www\framework\web\CController.php(1145): CFilter->filter(Object(CFilterChain))
#26 C:\www\framework\web\filters\CInlineFilter.php(58): CController->filterAccessControl(Object(CFilterChain))
#27 C:\www\framework\web\filters\CFilterChain.php(130): CInlineFilter->filter(Object(CFilterChain))
#28 C:\www\framework\web\CController.php(291): CFilterChain->run()
#29 C:\www\framework\web\CController.php(265): CController->runActionWithFilters(Object(CInlineAction), Array)
#30 C:\www\framework\web\CWebApplication.php(282): CController->run('')
#31 C:\www\framework\web\CWebApplication.php(141): CWebApplication->runController('')
#32 C:\www\framework\base\CApplication.php(184): CWebApplication->processRequest()
#33 C:\www\twoilx\index.php(11): CApplication->run()
#34 C:\Program Files\Google\Cloud SDK\google-cloud-sdk\platform\google_appengine\google\appengine\tools\devappserver2\php\setup.php(131): require('C:\\www\\twoilx\\i...')
#35 {main}
REQUEST_URI=/
---
2015/04/14 15:10:44 [error] [exception.CHttpException.404] exception 'CHttpException' with message 'Unable to resolve the request "css/form.css".' in C:\www\framework\web\CWebApplication.php:286
Stack trace:
#0 C:\www\framework\web\CWebApplication.php(141): CWebApplication->runController('css/form.css')
#1 C:\www\framework\base\CApplication.php(184): CWebApplication->processRequest()
#2 C:\www\twoilx\index.php(11): CApplication->run()
#3 C:\Program Files\Google\Cloud SDK\google-cloud-sdk\platform\google_appengine\google\appengine\tools\devappserver2\php\setup.php(131): require('C:\\www\\twoilx\\i...')
#4 {main}
REQUEST_URI=/css/form.css
HTTP_REFERER=http://localhost:9080/
---
2015/04/14 15:10:44 [error] [exception.CHttpException.404] exception 'CHttpException' with message 'Unable to resolve the request "css/print.css".' in C:\www\framework\web\CWebApplication.php:286
Stack trace:
#0 C:\www\framework\web\CWebApplication.php(141): CWebApplication->runController('css/print.css')
#1 C:\www\framework\base\CApplication.php(184): CWebApplication->processRequest()
#2 C:\www\twoilx\index.php(11): CApplication->run()
#3 C:\Program Files\Google\Cloud SDK\google-cloud-sdk\platform\google_appengine\google\appengine\tools\devappserver2\php\setup.php(131): require('C:\\www\\twoilx\\i...')
#4 {main}
REQUEST_URI=/css/print.css
HTTP_REFERER=http://localhost:9080/
---
2015/04/14 15:10:44 [error] [exception.CHttpException.404] exception 'CHttpException' with message 'Unable to resolve the request "css/screen.css".' in C:\www\framework\web\CWebApplication.php:286
Stack trace:
#0 C:\www\framework\web\CWebApplication.php(141): CWebApplication->runController('css/screen.css')
#1 C:\www\framework\base\CApplication.php(184): CWebApplication->processRequest()
#2 C:\www\twoilx\index.php(11): CApplication->run()
#3 C:\Program Files\Google\Cloud SDK\google-cloud-sdk\platform\google_appengine\google\appengine\tools\devappserver2\php\setup.php(131): require('C:\\www\\twoilx\\i...')
#4 {main}
REQUEST_URI=/css/screen.css
HTTP_REFERER=http://localhost:9080/
---
2015/04/14 15:10:44 [error] [exception.CHttpException.404] exception 'CHttpException' with message 'Unable to resolve the request "css/main.css".' in C:\www\framework\web\CWebApplication.php:286
Stack trace:
#0 C:\www\framework\web\CWebApplication.php(141): CWebApplication->runController('css/main.css')
#1 C:\www\framework\base\CApplication.php(184): CWebApplication->processRequest()
#2 C:\www\twoilx\index.php(11): CApplication->run()
#3 C:\Program Files\Google\Cloud SDK\google-cloud-sdk\platform\google_appengine\google\appengine\tools\devappserver2\php\setup.php(131): require('C:\\www\\twoilx\\i...')
#4 {main}
REQUEST_URI=/css/main.css
HTTP_REFERER=http://localhost:9080/
---
2015/04/14 15:11:53 [error] [exception.CDbException] could not find driver
2015/04/14 15:11:53 [error] [exception.CDbException] exception 'CDbException' with message 'CDbConnection failed to open the DB connection.' in C:\www\twoilx\framework\db\CDbConnection.php:405
Stack trace:
#0 C:\www\twoilx\framework\db\CDbConnection.php(347): CDbConnection->open()
#1 C:\www\twoilx\framework\db\CDbConnection.php(325): CDbConnection->setActive(true)
#2 C:\www\twoilx\framework\base\CModule.php(394): CDbConnection->init()
#3 C:\www\twoilx\framework\base\CApplication.php(458): CModule->getComponent('db')
#4 C:\www\twoilx\framework\db\ar\CActiveRecord.php(637): CApplication->getDb()
#5 C:\www\twoilx\framework\db\ar\CActiveRecord.php(670): CActiveRecord->getDbConnection()
#6 C:\www\twoilx\framework\db\ar\CActiveRecord.php(1601): CActiveRecord->getCommandBuilder()
#7 C:\www\twoilx\framework\web\CActiveDataProvider.php(228): CActiveRecord->count(Object(CDbCriteria))
#8 C:\www\twoilx\framework\web\CDataProvider.php(224): CActiveDataProvider->calculateTotalItemCount()
#9 C:\www\twoilx\framework\web\CActiveDataProvider.php(178): CDataProvider->getTotalItemCount()
#10 C:\www\twoilx\framework\web\CDataProvider.php(168): CActiveDataProvider->fetchData()
#11 C:\www\twoilx\framework\zii\widgets\CBaseListView.php(125): CDataProvider->getData()
#12 C:\www\twoilx\framework\zii\widgets\CListView.php(211): CBaseListView->init()
#13 C:\www\twoilx\framework\web\CBaseController.php(147): CListView->init()
#14 C:\www\twoilx\framework\web\CBaseController.php(180): CBaseController->createWidget('zii.widgets.CLi...', Array)
#15 C:\www\twoilx\protected\views\post\index.php(9): CBaseController->widget('zii.widgets.CLi...', Array)
#16 C:\www\twoilx\framework\web\CBaseController.php(126): require('C:\\www\\twoilx\\p...')
#17 C:\www\twoilx\framework\web\CBaseController.php(95): CBaseController->renderInternal('C:\\www\\twoilx\\p...', Array, true)
#18 C:\www\twoilx\framework\web\CController.php(869): CBaseController->renderFile('C:\\www\\twoilx\\p...', Array, true)
#19 C:\www\twoilx\framework\web\CController.php(782): CController->renderPartial('index', Array, true)
#20 C:\www\twoilx\protected\controllers\PostController.php(136): CController->render('index', Array)
#21 C:\www\twoilx\framework\web\actions\CInlineAction.php(49): PostController->actionIndex()
#22 C:\www\twoilx\framework\web\CController.php(308): CInlineAction->runWithParams(Array)
#23 C:\www\twoilx\framework\web\filters\CFilterChain.php(133): CController->runAction(Object(CInlineAction))
#24 C:\www\twoilx\framework\web\filters\CFilter.php(40): CFilterChain->run()
#25 C:\www\twoilx\framework\web\CController.php(1145): CFilter->filter(Object(CFilterChain))
#26 C:\www\twoilx\framework\web\filters\CInlineFilter.php(58): CController->filterAccessControl(Object(CFilterChain))
#27 C:\www\twoilx\framework\web\filters\CFilterChain.php(130): CInlineFilter->filter(Object(CFilterChain))
#28 C:\www\twoilx\framework\web\CController.php(291): CFilterChain->run()
#29 C:\www\twoilx\framework\web\CController.php(265): CController->runActionWithFilters(Object(CInlineAction), Array)
#30 C:\www\twoilx\framework\web\CWebApplication.php(282): CController->run('')
#31 C:\www\twoilx\framework\web\CWebApplication.php(141): CWebApplication->runController('')
#32 C:\www\twoilx\framework\base\CApplication.php(184): CWebApplication->processRequest()
#33 C:\www\twoilx\index.php(11): CApplication->run()
#34 C:\Program Files\Google\Cloud SDK\google-cloud-sdk\platform\google_appengine\google\appengine\tools\devappserver2\php\setup.php(131): require('C:\\www\\twoilx\\i...')
#35 {main}
REQUEST_URI=/
---
2015/04/14 15:11:53 [error] [exception.CHttpException.404] exception 'CHttpException' with message 'Unable to resolve the request "css/screen.css".' in C:\www\twoilx\framework\web\CWebApplication.php:286
Stack trace:
#0 C:\www\twoilx\framework\web\CWebApplication.php(141): CWebApplication->runController('css/screen.css')
#1 C:\www\twoilx\framework\base\CApplication.php(184): CWebApplication->processRequest()
#2 C:\www\twoilx\index.php(11): CApplication->run()
#3 C:\Program Files\Google\Cloud SDK\google-cloud-sdk\platform\google_appengine\google\appengine\tools\devappserver2\php\setup.php(131): require('C:\\www\\twoilx\\i...')
#4 {main}
REQUEST_URI=/css/screen.css
HTTP_REFERER=http://localhost:9080/
---
2015/04/14 15:11:54 [error] [exception.CHttpException.404] exception 'CHttpException' with message 'Unable to resolve the request "css/print.css".' in C:\www\twoilx\framework\web\CWebApplication.php:286
Stack trace:
#0 C:\www\twoilx\framework\web\CWebApplication.php(141): CWebApplication->runController('css/print.css')
#1 C:\www\twoilx\framework\base\CApplication.php(184): CWebApplication->processRequest()
#2 C:\www\twoilx\index.php(11): CApplication->run()
#3 C:\Program Files\Google\Cloud SDK\google-cloud-sdk\platform\google_appengine\google\appengine\tools\devappserver2\php\setup.php(131): require('C:\\www\\twoilx\\i...')
#4 {main}
REQUEST_URI=/css/print.css
HTTP_REFERER=http://localhost:9080/
---
2015/04/14 15:11:54 [error] [exception.CHttpException.404] exception 'CHttpException' with message 'Unable to resolve the request "css/form.css".' in C:\www\twoilx\framework\web\CWebApplication.php:286
Stack trace:
#0 C:\www\twoilx\framework\web\CWebApplication.php(141): CWebApplication->runController('css/form.css')
#1 C:\www\twoilx\framework\base\CApplication.php(184): CWebApplication->processRequest()
#2 C:\www\twoilx\index.php(11): CApplication->run()
#3 C:\Program Files\Google\Cloud SDK\google-cloud-sdk\platform\google_appengine\google\appengine\tools\devappserver2\php\setup.php(131): require('C:\\www\\twoilx\\i...')
#4 {main}
REQUEST_URI=/css/form.css
HTTP_REFERER=http://localhost:9080/
---
2015/04/14 15:11:54 [error] [exception.CHttpException.404] exception 'CHttpException' with message 'Unable to resolve the request "css/main.css".' in C:\www\twoilx\framework\web\CWebApplication.php:286
Stack trace:
#0 C:\www\twoilx\framework\web\CWebApplication.php(141): CWebApplication->runController('css/main.css')
#1 C:\www\twoilx\framework\base\CApplication.php(184): CWebApplication->processRequest()
#2 C:\www\twoilx\index.php(11): CApplication->run()
#3 C:\Program Files\Google\Cloud SDK\google-cloud-sdk\platform\google_appengine\google\appengine\tools\devappserver2\php\setup.php(131): require('C:\\www\\twoilx\\i...')
#4 {main}
REQUEST_URI=/css/main.css
HTTP_REFERER=http://localhost:9080/
---
2015/04/15 10:02:12 [error] [exception.CDbException] could not find driver
2015/04/15 10:02:12 [error] [exception.CDbException] exception 'CDbException' with message 'CDbConnection failed to open the DB connection.' in C:\www\twoilx\framework\db\CDbConnection.php:405
Stack trace:
#0 C:\www\twoilx\framework\db\CDbConnection.php(347): CDbConnection->open()
#1 C:\www\twoilx\framework\db\CDbConnection.php(325): CDbConnection->setActive(true)
#2 C:\www\twoilx\framework\base\CModule.php(394): CDbConnection->init()
#3 C:\www\twoilx\framework\base\CApplication.php(458): CModule->getComponent('db')
#4 C:\www\twoilx\framework\db\ar\CActiveRecord.php(637): CApplication->getDb()
#5 C:\www\twoilx\framework\db\ar\CActiveRecord.php(670): CActiveRecord->getDbConnection()
#6 C:\www\twoilx\framework\db\ar\CActiveRecord.php(1601): CActiveRecord->getCommandBuilder()
#7 C:\www\twoilx\framework\web\CActiveDataProvider.php(228): CActiveRecord->count(Object(CDbCriteria))
#8 C:\www\twoilx\framework\web\CDataProvider.php(224): CActiveDataProvider->calculateTotalItemCount()
#9 C:\www\twoilx\framework\web\CActiveDataProvider.php(178): CDataProvider->getTotalItemCount()
#10 C:\www\twoilx\framework\web\CDataProvider.php(168): CActiveDataProvider->fetchData()
#11 C:\www\twoilx\framework\zii\widgets\CBaseListView.php(125): CDataProvider->getData()
#12 C:\www\twoilx\framework\zii\widgets\CListView.php(211): CBaseListView->init()
#13 C:\www\twoilx\framework\web\CBaseController.php(147): CListView->init()
#14 C:\www\twoilx\framework\web\CBaseController.php(180): CBaseController->createWidget('zii.widgets.CLi...', Array)
#15 C:\www\twoilx\protected\views\post\index.php(9): CBaseController->widget('zii.widgets.CLi...', Array)
#16 C:\www\twoilx\framework\web\CBaseController.php(126): require('C:\\www\\twoilx\\p...')
#17 C:\www\twoilx\framework\web\CBaseController.php(95): CBaseController->renderInternal('C:\\www\\twoilx\\p...', Array, true)
#18 C:\www\twoilx\framework\web\CController.php(869): CBaseController->renderFile('C:\\www\\twoilx\\p...', Array, true)
#19 C:\www\twoilx\framework\web\CController.php(782): CController->renderPartial('index', Array, true)
#20 C:\www\twoilx\protected\controllers\PostController.php(136): CController->render('index', Array)
#21 C:\www\twoilx\framework\web\actions\CInlineAction.php(49): PostController->actionIndex()
#22 C:\www\twoilx\framework\web\CController.php(308): CInlineAction->runWithParams(Array)
#23 C:\www\twoilx\framework\web\filters\CFilterChain.php(133): CController->runAction(Object(CInlineAction))
#24 C:\www\twoilx\framework\web\filters\CFilter.php(40): CFilterChain->run()
#25 C:\www\twoilx\framework\web\CController.php(1145): CFilter->filter(Object(CFilterChain))
#26 C:\www\twoilx\framework\web\filters\CInlineFilter.php(58): CController->filterAccessControl(Object(CFilterChain))
#27 C:\www\twoilx\framework\web\filters\CFilterChain.php(130): CInlineFilter->filter(Object(CFilterChain))
#28 C:\www\twoilx\framework\web\CController.php(291): CFilterChain->run()
#29 C:\www\twoilx\framework\web\CController.php(265): CController->runActionWithFilters(Object(CInlineAction), Array)
#30 C:\www\twoilx\framework\web\CWebApplication.php(282): CController->run('')
#31 C:\www\twoilx\framework\web\CWebApplication.php(141): CWebApplication->runController('')
#32 C:\www\twoilx\framework\base\CApplication.php(184): CWebApplication->processRequest()
#33 C:\www\twoilx\index.php(11): CApplication->run()
#34 C:\Program Files\Google\Cloud SDK\google-cloud-sdk\platform\google_appengine\google\appengine\tools\devappserver2\php\setup.php(131): require('C:\\www\\twoilx\\i...')
#35 {main}
REQUEST_URI=/
---
2015/04/15 10:02:13 [error] [exception.CHttpException.404] exception 'CHttpException' with message 'Unable to resolve the request "css/screen.css".' in C:\www\twoilx\framework\web\CWebApplication.php:286
Stack trace:
#0 C:\www\twoilx\framework\web\CWebApplication.php(141): CWebApplication->runController('css/screen.css')
#1 C:\www\twoilx\framework\base\CApplication.php(184): CWebApplication->processRequest()
#2 C:\www\twoilx\index.php(11): CApplication->run()
#3 C:\Program Files\Google\Cloud SDK\google-cloud-sdk\platform\google_appengine\google\appengine\tools\devappserver2\php\setup.php(131): require('C:\\www\\twoilx\\i...')
#4 {main}
REQUEST_URI=/css/screen.css
HTTP_REFERER=http://127.0.0.1:9080/
---
2015/04/15 10:02:13 [error] [exception.CHttpException.404] exception 'CHttpException' with message 'Unable to resolve the request "css/main.css".' in C:\www\twoilx\framework\web\CWebApplication.php:286
Stack trace:
#0 C:\www\twoilx\framework\web\CWebApplication.php(141): CWebApplication->runController('css/main.css')
#1 C:\www\twoilx\framework\base\CApplication.php(184): CWebApplication->processRequest()
#2 C:\www\twoilx\index.php(11): CApplication->run()
#3 C:\Program Files\Google\Cloud SDK\google-cloud-sdk\platform\google_appengine\google\appengine\tools\devappserver2\php\setup.php(131): require('C:\\www\\twoilx\\i...')
#4 {main}
REQUEST_URI=/css/main.css
HTTP_REFERER=http://127.0.0.1:9080/
---
2015/04/15 10:02:13 [error] [exception.CHttpException.404] exception 'CHttpException' with message 'Unable to resolve the request "css/print.css".' in C:\www\twoilx\framework\web\CWebApplication.php:286
Stack trace:
#0 C:\www\twoilx\framework\web\CWebApplication.php(141): CWebApplication->runController('css/print.css')
#1 C:\www\twoilx\framework\base\CApplication.php(184): CWebApplication->processRequest()
#2 C:\www\twoilx\index.php(11): CApplication->run()
#3 C:\Program Files\Google\Cloud SDK\google-cloud-sdk\platform\google_appengine\google\appengine\tools\devappserver2\php\setup.php(131): require('C:\\www\\twoilx\\i...')
#4 {main}
REQUEST_URI=/css/print.css
HTTP_REFERER=http://127.0.0.1:9080/
---
2015/04/15 10:02:13 [error] [exception.CHttpException.404] exception 'CHttpException' with message 'Unable to resolve the request "css/form.css".' in C:\www\twoilx\framework\web\CWebApplication.php:286
Stack trace:
#0 C:\www\twoilx\framework\web\CWebApplication.php(141): CWebApplication->runController('css/form.css')
#1 C:\www\twoilx\framework\base\CApplication.php(184): CWebApplication->processRequest()
#2 C:\www\twoilx\index.php(11): CApplication->run()
#3 C:\Program Files\Google\Cloud SDK\google-cloud-sdk\platform\google_appengine\google\appengine\tools\devappserver2\php\setup.php(131): require('C:\\www\\twoilx\\i...')
#4 {main}
REQUEST_URI=/css/form.css
HTTP_REFERER=http://127.0.0.1:9080/
---
2015/04/15 10:21:18 [error] [system.db.CDbCommand] CDbCommand::fetchAll() failed: SQLSTATE[42S02]: Base table or view not found: 1146 Table 'twoil.{{post}}' doesn't exist. The SQL statement executed was: SHOW FULL COLUMNS FROM `{{post}}`.
2015/04/15 10:21:18 [error] [exception.CDbException] exception 'CDbException' with message 'The table "{{post}}" for active record class "Post" cannot be found in the database.' in C:\www\twoilx\framework\db\ar\CActiveRecord.php:2385
Stack trace:
#0 C:\www\twoilx\framework\db\ar\CActiveRecord.php(411): CActiveRecordMetaData->__construct(Object(Post))
#1 C:\www\twoilx\framework\db\ar\CActiveRecord.php(661): CActiveRecord->getMetaData()
#2 C:\www\twoilx\framework\db\ar\CActiveFinder.php(392): CActiveRecord->getTableSchema()
#3 C:\www\twoilx\framework\db\ar\CActiveFinder.php(47): CJoinElement->__construct(Object(CActiveFinder), Object(Post))
#4 C:\www\twoilx\framework\db\ar\CActiveRecord.php(912): CActiveFinder->__construct(Object(Post), 'commentCount')
#5 C:\www\twoilx\framework\db\ar\CActiveRecord.php(1609): CActiveRecord->getActiveFinder('commentCount')
#6 C:\www\twoilx\framework\web\CActiveDataProvider.php(228): CActiveRecord->count(Object(CDbCriteria))
#7 C:\www\twoilx\framework\web\CDataProvider.php(224): CActiveDataProvider->calculateTotalItemCount()
#8 C:\www\twoilx\framework\web\CActiveDataProvider.php(178): CDataProvider->getTotalItemCount()
#9 C:\www\twoilx\framework\web\CDataProvider.php(168): CActiveDataProvider->fetchData()
#10 C:\www\twoilx\framework\zii\widgets\CBaseListView.php(125): CDataProvider->getData()
#11 C:\www\twoilx\framework\zii\widgets\CListView.php(211): CBaseListView->init()
#12 C:\www\twoilx\framework\web\CBaseController.php(147): CListView->init()
#13 C:\www\twoilx\framework\web\CBaseController.php(180): CBaseController->createWidget('zii.widgets.CLi...', Array)
#14 C:\www\twoilx\protected\views\post\index.php(9): CBaseController->widget('zii.widgets.CLi...', Array)
#15 C:\www\twoilx\framework\web\CBaseController.php(126): require('C:\\www\\twoilx\\p...')
#16 C:\www\twoilx\framework\web\CBaseController.php(95): CBaseController->renderInternal('C:\\www\\twoilx\\p...', Array, true)
#17 C:\www\twoilx\framework\web\CController.php(869): CBaseController->renderFile('C:\\www\\twoilx\\p...', Array, true)
#18 C:\www\twoilx\framework\web\CController.php(782): CController->renderPartial('index', Array, true)
#19 C:\www\twoilx\protected\controllers\PostController.php(136): CController->render('index', Array)
#20 C:\www\twoilx\framework\web\actions\CInlineAction.php(49): PostController->actionIndex()
#21 C:\www\twoilx\framework\web\CController.php(308): CInlineAction->runWithParams(Array)
#22 C:\www\twoilx\framework\web\filters\CFilterChain.php(133): CController->runAction(Object(CInlineAction))
#23 C:\www\twoilx\framework\web\filters\CFilter.php(40): CFilterChain->run()
#24 C:\www\twoilx\framework\web\CController.php(1145): CFilter->filter(Object(CFilterChain))
#25 C:\www\twoilx\framework\web\filters\CInlineFilter.php(58): CController->filterAccessControl(Object(CFilterChain))
#26 C:\www\twoilx\framework\web\filters\CFilterChain.php(130): CInlineFilter->filter(Object(CFilterChain))
#27 C:\www\twoilx\framework\web\CController.php(291): CFilterChain->run()
#28 C:\www\twoilx\framework\web\CController.php(265): CController->runActionWithFilters(Object(CInlineAction), Array)
#29 C:\www\twoilx\framework\web\CWebApplication.php(282): CController->run('')
#30 C:\www\twoilx\framework\web\CWebApplication.php(141): CWebApplication->runController('')
#31 C:\www\twoilx\framework\base\CApplication.php(184): CWebApplication->processRequest()
#32 C:\www\twoilx\index.php(11): CApplication->run()
#33 C:\Program Files\Google\Cloud SDK\google-cloud-sdk\platform\google_appengine\google\appengine\tools\devappserver2\php\setup.php(131): require('C:\\www\\twoilx\\i...')
#34 {main}
REQUEST_URI=/
---
2015/04/15 10:21:19 [error] [exception.CHttpException.404] exception 'CHttpException' with message 'Unable to resolve the request "css/screen.css".' in C:\www\twoilx\framework\web\CWebApplication.php:286
Stack trace:
#0 C:\www\twoilx\framework\web\CWebApplication.php(141): CWebApplication->runController('css/screen.css')
#1 C:\www\twoilx\framework\base\CApplication.php(184): CWebApplication->processRequest()
#2 C:\www\twoilx\index.php(11): CApplication->run()
#3 C:\Program Files\Google\Cloud SDK\google-cloud-sdk\platform\google_appengine\google\appengine\tools\devappserver2\php\setup.php(131): require('C:\\www\\twoilx\\i...')
#4 {main}
REQUEST_URI=/css/screen.css
HTTP_REFERER=http://127.0.0.1:9080/
---
2015/04/15 10:21:19 [error] [exception.CHttpException.404] exception 'CHttpException' with message 'Unable to resolve the request "css/main.css".' in C:\www\twoilx\framework\web\CWebApplication.php:286
Stack trace:
#0 C:\www\twoilx\framework\web\CWebApplication.php(141): CWebApplication->runController('css/main.css')
#1 C:\www\twoilx\framework\base\CApplication.php(184): CWebApplication->processRequest()
#2 C:\www\twoilx\index.php(11): CApplication->run()
#3 C:\Program Files\Google\Cloud SDK\google-cloud-sdk\platform\google_appengine\google\appengine\tools\devappserver2\php\setup.php(131): require('C:\\www\\twoilx\\i...')
#4 {main}
REQUEST_URI=/css/main.css
HTTP_REFERER=http://127.0.0.1:9080/
---
2015/04/15 10:21:19 [error] [exception.CHttpException.404] exception 'CHttpException' with message 'Unable to resolve the request "css/print.css".' in C:\www\twoilx\framework\web\CWebApplication.php:286
Stack trace:
#0 C:\www\twoilx\framework\web\CWebApplication.php(141): CWebApplication->runController('css/print.css')
#1 C:\www\twoilx\framework\base\CApplication.php(184): CWebApplication->processRequest()
#2 C:\www\twoilx\index.php(11): CApplication->run()
#3 C:\Program Files\Google\Cloud SDK\google-cloud-sdk\platform\google_appengine\google\appengine\tools\devappserver2\php\setup.php(131): require('C:\\www\\twoilx\\i...')
#4 {main}
REQUEST_URI=/css/print.css
HTTP_REFERER=http://127.0.0.1:9080/
---
2015/04/15 10:21:19 [error] [exception.CHttpException.404] exception 'CHttpException' with message 'Unable to resolve the request "css/form.css".' in C:\www\twoilx\framework\web\CWebApplication.php:286
Stack trace:
#0 C:\www\twoilx\framework\web\CWebApplication.php(141): CWebApplication->runController('css/form.css')
#1 C:\www\twoilx\framework\base\CApplication.php(184): CWebApplication->processRequest()
#2 C:\www\twoilx\index.php(11): CApplication->run()
#3 C:\Program Files\Google\Cloud SDK\google-cloud-sdk\platform\google_appengine\google\appengine\tools\devappserver2\php\setup.php(131): require('C:\\www\\twoilx\\i...')
#4 {main}
REQUEST_URI=/css/form.css
HTTP_REFERER=http://127.0.0.1:9080/
---
